2019/03/30 16:28:22 [error] 6#6: *287 FastCGI sent in stderr: "PHP message: PHP Warning:  sprintf(): Too few arguments in /var/www/html/wp-admin/includes/class-bulk-upgrader-skin.php on line 153" while reading upstream, client: 68.83.203.69, server: localhost, request: "POST /wp-admin/themes.php?page=tgmpa-install-plugins&plugin_status=install HTTP/1.1", upstream: "fastcgi://172.18.0.3:9000", host: "3.16.194.160", referrer: "http://3.16.194.160/"
2019/03/30 16:59:16 [error] 6#6: *421 upstream timed out (110: Connection timed out) while reading upstream, client: 68.83.203.69, server: localhost, request: "GET /wp-admin/post-new.php?post_type=blossom-recipe&btif-dismiss=dismiss_admin_notices&_wpnonce=0c93ff5b4c HTTP/1.1", upstream: "fastcgi://172.18.0.3:9000", host: "3.16.194.160", referrer: "http://3.16.194.160/"
2019/03/30 17:06:36 [error] 6#6: *7 upstream timed out (110: Connection timed out) while reading upstream, client: 68.83.203.69, server: localhost, request: "GET /wp-admin/post-new.php?post_type=blossom-recipe HTTP/1.1", upstream: "fastcgi://172.18.0.3:9000", host: "3.16.194.160", referrer: "http://3.16.194.160/"
2019/04/05 19:57:05 [emerg] 8#8: "server" directive is not allowed here in /etc/nginx/conf.d/default.conf:66
2019/04/05 19:57:06 [emerg] 7#7: "server" directive is not allowed here in /etc/nginx/conf.d/default.conf:66
2019/04/05 19:57:07 [emerg] 8#8: "server" directive is not allowed here in /etc/nginx/conf.d/default.conf:66
2019/04/05 19:57:08 [emerg] 7#7: "server" directive is not allowed here in /etc/nginx/conf.d/default.conf:66
2019/04/05 19:57:09 [emerg] 7#7: "server" directive is not allowed here in /etc/nginx/conf.d/default.conf:66
2019/04/05 19:57:11 [emerg] 7#7: "server" directive is not allowed here in /etc/nginx/conf.d/default.conf:66
2019/04/05 19:57:15 [emerg] 7#7: "server" directive is not allowed here in /etc/nginx/conf.d/default.conf:66
2019/04/05 19:57:21 [emerg] 7#7: "server" directive is not allowed here in /etc/nginx/conf.d/default.conf:66
2019/04/05 19:57:34 [emerg] 7#7: "server" directive is not allowed here in /etc/nginx/conf.d/default.conf:66
2019/04/05 19:58:01 [emerg] 7#7: "server" directive is not allowed here in /etc/nginx/conf.d/default.conf:66
2019/04/05 19:58:52 [emerg] 7#7: "server" directive is not allowed here in /etc/nginx/conf.d/default.conf:66
2019/04/05 20:00:11 [emerg] 7#7: "server" directive is not allowed here in /etc/nginx/conf.d/default.conf:66
2019/04/05 20:00:12 [emerg] 7#7: "server" directive is not allowed here in /etc/nginx/conf.d/default.conf:66
2019/04/05 20:00:13 [emerg] 7#7: "server" directive is not allowed here in /etc/nginx/conf.d/default.conf:66
2019/04/05 20:00:14 [emerg] 7#7: "server" directive is not allowed here in /etc/nginx/conf.d/default.conf:66
2019/04/05 20:00:15 [emerg] 7#7: "server" directive is not allowed here in /etc/nginx/conf.d/default.conf:66
2019/04/05 20:00:18 [emerg] 7#7: "server" directive is not allowed here in /etc/nginx/conf.d/default.conf:66
2019/04/05 20:00:21 [emerg] 7#7: "server" directive is not allowed here in /etc/nginx/conf.d/default.conf:66
2019/04/05 20:00:28 [emerg] 7#7: "server" directive is not allowed here in /etc/nginx/conf.d/default.conf:66
2019/04/05 20:00:41 [emerg] 7#7: "server" directive is not allowed here in /etc/nginx/conf.d/default.conf:66
2019/04/05 20:03:42 [emerg] 7#7: "server" directive is not allowed here in /etc/nginx/conf.d/default.conf:66
2019/04/05 20:03:43 [emerg] 7#7: "server" directive is not allowed here in /etc/nginx/conf.d/default.conf:66
2019/04/05 20:03:44 [emerg] 7#7: "server" directive is not allowed here in /etc/nginx/conf.d/default.conf:66
2019/04/05 20:03:45 [emerg] 7#7: "server" directive is not allowed here in /etc/nginx/conf.d/default.conf:66
2019/04/05 20:03:46 [emerg] 7#7: "server" directive is not allowed here in /etc/nginx/conf.d/default.conf:66
2019/04/05 20:03:48 [emerg] 7#7: "server" directive is not allowed here in /etc/nginx/conf.d/default.conf:66
2019/04/05 20:03:52 [emerg] 7#7: "server" directive is not allowed here in /etc/nginx/conf.d/default.conf:66
2019/04/05 20:03:58 [emerg] 7#7: "server" directive is not allowed here in /etc/nginx/conf.d/default.conf:66
2019/04/05 20:04:11 [emerg] 7#7: "server" directive is not allowed here in /etc/nginx/conf.d/default.conf:66
2019/04/05 20:04:37 [emerg] 7#7: "server" directive is not allowed here in /etc/nginx/conf.d/default.conf:66
2019/04/05 20:05:29 [emerg] 7#7: "server" directive is not allowed here in /etc/nginx/conf.d/default.conf:66
2019/04/05 20:06:29 [emerg] 7#7: "server" directive is not allowed here in /etc/nginx/conf.d/default.conf:66
2019/04/05 20:07:30 [emerg] 7#7: "server" directive is not allowed here in /etc/nginx/conf.d/default.conf:66
2019/04/05 20:08:30 [emerg] 7#7: "server" directive is not allowed here in /etc/nginx/conf.d/default.conf:66
2019/04/05 20:09:30 [emerg] 7#7: "server" directive is not allowed here in /etc/nginx/conf.d/default.conf:66
2019/04/05 20:10:31 [emerg] 7#7: "server" directive is not allowed here in /etc/nginx/conf.d/default.conf:66
2019/04/05 20:11:31 [emerg] 7#7: "server" directive is not allowed here in /etc/nginx/conf.d/default.conf:66
2019/04/05 20:11:54 [emerg] 7#7: "server" directive is not allowed here in /etc/nginx/conf.d/default.conf:66
2019/04/05 20:11:55 [emerg] 7#7: "server" directive is not allowed here in /etc/nginx/conf.d/default.conf:66
2019/04/05 20:11:55 [emerg] 7#7: "server" directive is not allowed here in /etc/nginx/conf.d/default.conf:66
2019/04/05 20:11:56 [emerg] 7#7: "server" directive is not allowed here in /etc/nginx/conf.d/default.conf:66
2019/04/05 20:11:58 [emerg] 7#7: "server" directive is not allowed here in /etc/nginx/conf.d/default.conf:66
2019/04/05 20:12:00 [emerg] 7#7: "server" directive is not allowed here in /etc/nginx/conf.d/default.conf:66
2019/04/05 20:12:03 [emerg] 7#7: "server" directive is not allowed here in /etc/nginx/conf.d/default.conf:66
2019/04/05 20:12:10 [emerg] 7#7: "server" directive is not allowed here in /etc/nginx/conf.d/default.conf:66
2019/04/05 20:12:23 [emerg] 7#7: "server" directive is not allowed here in /etc/nginx/conf.d/default.conf:66
2019/04/05 20:12:49 [emerg] 7#7: "server" directive is not allowed here in /etc/nginx/conf.d/default.conf:66
2019/04/05 20:14:20 [emerg] 7#7: "server" directive is not allowed here in /etc/nginx/conf.d/default.conf:66
2019/04/05 20:14:21 [emerg] 7#7: "server" directive is not allowed here in /etc/nginx/conf.d/default.conf:66
2019/04/05 20:14:22 [emerg] 7#7: "server" directive is not allowed here in /etc/nginx/conf.d/default.conf:66
2019/04/05 20:14:23 [emerg] 7#7: "server" directive is not allowed here in /etc/nginx/conf.d/default.conf:66
2019/04/05 20:14:24 [emerg] 7#7: "server" directive is not allowed here in /etc/nginx/conf.d/default.conf:66
2019/04/05 20:14:26 [emerg] 7#7: "server" directive is not allowed here in /etc/nginx/conf.d/default.conf:66
2019/04/05 20:14:30 [emerg] 7#7: "server" directive is not allowed here in /etc/nginx/conf.d/default.conf:66
2019/04/05 20:14:37 [emerg] 7#7: "server" directive is not allowed here in /etc/nginx/conf.d/default.conf:66
2019/04/05 20:14:50 [emerg] 7#7: "server" directive is not allowed here in /etc/nginx/conf.d/default.conf:66
2019/04/05 20:15:16 [emerg] 7#7: "server" directive is not allowed here in /etc/nginx/conf.d/default.conf:66
2019/04/05 20:16:07 [emerg] 7#7: "server" directive is not allowed here in /etc/nginx/conf.d/default.conf:66
2019/04/05 20:17:08 [emerg] 7#7: "server" directive is not allowed here in /etc/nginx/conf.d/default.conf:66
2019/04/05 20:18:08 [emerg] 7#7: "server" directive is not allowed here in /etc/nginx/conf.d/default.conf:66
2019/04/05 20:18:24 [emerg] 7#7: "server" directive is not allowed here in /etc/nginx/conf.d/default.conf:66
2019/04/05 20:18:25 [emerg] 7#7: "server" directive is not allowed here in /etc/nginx/conf.d/default.conf:66
2019/04/05 20:18:25 [emerg] 7#7: "server" directive is not allowed here in /etc/nginx/conf.d/default.conf:66
2019/04/05 20:18:26 [emerg] 7#7: "server" directive is not allowed here in /etc/nginx/conf.d/default.conf:66
2019/04/05 20:18:28 [emerg] 7#7: "server" directive is not allowed here in /etc/nginx/conf.d/default.conf:66
2019/04/05 20:18:30 [emerg] 7#7: "server" directive is not allowed here in /etc/nginx/conf.d/default.conf:66
2019/04/05 20:18:34 [emerg] 7#7: "server" directive is not allowed here in /etc/nginx/conf.d/default.conf:66
2019/04/05 20:18:40 [emerg] 7#7: "server" directive is not allowed here in /etc/nginx/conf.d/default.conf:66
2019/04/05 20:18:52 [emerg] 7#7: "server" directive is not allowed here in /etc/nginx/conf.d/default.conf:66
2019/04/05 20:18:53 [emerg] 7#7: "server" directive is not allowed here in /etc/nginx/conf.d/default.conf:66
2019/04/05 20:18:54 [emerg] 7#7: "server" directive is not allowed here in /etc/nginx/conf.d/default.conf:66
2019/04/05 20:18:55 [emerg] 8#8: "server" directive is not allowed here in /etc/nginx/conf.d/default.conf:66
2019/04/05 20:18:56 [emerg] 7#7: "server" directive is not allowed here in /etc/nginx/conf.d/default.conf:66
2019/04/05 20:18:58 [emerg] 8#8: "server" directive is not allowed here in /etc/nginx/conf.d/default.conf:66
2019/04/05 20:19:02 [emerg] 7#7: "server" directive is not allowed here in /etc/nginx/conf.d/default.conf:66
2019/04/05 20:19:08 [emerg] 7#7: "server" directive is not allowed here in /etc/nginx/conf.d/default.conf:66
2019/04/05 20:20:04 [emerg] 7#7: cannot load certificate "/etc/letsencrypt/live/morgansmeals.com/fullchain.pem": BIO_new_file() failed (SSL: error:02001002:system library:fopen:No such file or directory:fopen('/etc/letsencrypt/live/morgansmeals.com/fullchain.pem','r') error:2006D080:BIO routines:BIO_new_file:no such file)
2019/04/05 20:20:05 [emerg] 7#7: cannot load certificate "/etc/letsencrypt/live/morgansmeals.com/fullchain.pem": BIO_new_file() failed (SSL: error:02001002:system library:fopen:No such file or directory:fopen('/etc/letsencrypt/live/morgansmeals.com/fullchain.pem','r') error:2006D080:BIO routines:BIO_new_file:no such file)
2019/04/05 20:20:06 [emerg] 7#7: cannot load certificate "/etc/letsencrypt/live/morgansmeals.com/fullchain.pem": BIO_new_file() failed (SSL: error:02001002:system library:fopen:No such file or directory:fopen('/etc/letsencrypt/live/morgansmeals.com/fullchain.pem','r') error:2006D080:BIO routines:BIO_new_file:no such file)
2019/04/05 20:20:06 [emerg] 7#7: cannot load certificate "/etc/letsencrypt/live/morgansmeals.com/fullchain.pem": BIO_new_file() failed (SSL: error:02001002:system library:fopen:No such file or directory:fopen('/etc/letsencrypt/live/morgansmeals.com/fullchain.pem','r') error:2006D080:BIO routines:BIO_new_file:no such file)
2019/04/05 20:20:08 [emerg] 7#7: cannot load certificate "/etc/letsencrypt/live/morgansmeals.com/fullchain.pem": BIO_new_file() failed (SSL: error:02001002:system library:fopen:No such file or directory:fopen('/etc/letsencrypt/live/morgansmeals.com/fullchain.pem','r') error:2006D080:BIO routines:BIO_new_file:no such file)
2019/04/05 20:20:10 [emerg] 7#7: cannot load certificate "/etc/letsencrypt/live/morgansmeals.com/fullchain.pem": BIO_new_file() failed (SSL: error:02001002:system library:fopen:No such file or directory:fopen('/etc/letsencrypt/live/morgansmeals.com/fullchain.pem','r') error:2006D080:BIO routines:BIO_new_file:no such file)
2019/04/05 20:20:13 [emerg] 7#7: cannot load certificate "/etc/letsencrypt/live/morgansmeals.com/fullchain.pem": BIO_new_file() failed (SSL: error:02001002:system library:fopen:No such file or directory:fopen('/etc/letsencrypt/live/morgansmeals.com/fullchain.pem','r') error:2006D080:BIO routines:BIO_new_file:no such file)
2019/04/05 20:20:20 [emerg] 7#7: cannot load certificate "/etc/letsencrypt/live/morgansmeals.com/fullchain.pem": BIO_new_file() failed (SSL: error:02001002:system library:fopen:No such file or directory:fopen('/etc/letsencrypt/live/morgansmeals.com/fullchain.pem','r') error:2006D080:BIO routines:BIO_new_file:no such file)
2019/04/05 20:20:43 [emerg] 10#10: cannot load certificate "/etc/letsencrypt/live/morgansmeals.com/fullchain.pem": BIO_new_file() failed (SSL: error:02001002:system library:fopen:No such file or directory:fopen('/etc/letsencrypt/live/morgansmeals.com/fullchain.pem','r') error:2006D080:BIO routines:BIO_new_file:no such file)
2019/04/05 20:23:38 [notice] 10#10: signal process started
2019/04/05 20:24:53 [error] 16#16: *34 "/etc/nginx/html/index.html" is not found (2: No such file or directory), client: 69.4.89.106, server: www.morgansmeals.com, request: "GET / HTTP/1.1", host: "www.morgansmeals.com"
2019/04/05 20:24:53 [error] 16#16: *35 "/etc/nginx/html/index.html" is not found (2: No such file or directory), client: 69.4.89.106, server: www.morgansmeals.com, request: "GET / HTTP/1.1", host: "morgansmeals.com"
2019/04/05 20:24:54 [error] 16#16: *36 "/etc/nginx/html/index.html" is not found (2: No such file or directory), client: 93.119.227.19, server: www.morgansmeals.com, request: "GET / HTTP/1.1", host: "morgansmeals.com"
2019/04/05 20:24:54 [error] 16#16: *37 "/etc/nginx/html/index.html" is not found (2: No such file or directory), client: 93.119.227.19, server: www.morgansmeals.com, request: "GET / HTTP/1.1", host: "www.morgansmeals.com"
